This is pdfTeX, Version 3.14159265-2.6-1.40.17 (MiKTeX 2.9.6210 64-bit) (preloaded format=pdflatex 2017.3.1)  16 APR 2018 07:37
entering extended mode
**./503FinalReport.tex
(503FinalReport.tex
LaTeX2e <2017/01/01> patch level 1
Babel <3.9r> and hyphenation patterns for 75 language(s) loaded.
("C:\Program Files\MiKTeX 2.9\tex\latex\base\article.cls"
Document Class: article 2014/09/29 v1.4h Standard LaTeX document class
("C:\Program Files\MiKTeX 2.9\tex\latex\base\size11.clo"
File: size11.clo 2014/09/29 v1.4h Standard LaTeX file (size option)
)
\c@part=\count79
\c@section=\count80
\c@subsection=\count81
\c@subsubsection=\count82
\c@paragraph=\count83
\c@subparagraph=\count84
\c@figure=\count85
\c@table=\count86
\abovecaptionskip=\skip41
\belowcaptionskip=\skip42
\bibindent=\dimen102
)
("C:\Program Files\MiKTeX 2.9\tex\latex\geometry\geometry.sty"
Package: geometry 2010/09/12 v5.6 Page Geometry

("C:\Program Files\MiKTeX 2.9\tex\latex\graphics\keyval.sty"
Package: keyval 2014/10/28 v1.15 key=value parser (DPC)
\KV@toks@=\toks14
)
("C:\Program Files\MiKTeX 2.9\tex\generic\oberdiek\ifpdf.sty"
Package: ifpdf 2016/05/14 v3.1 Provides the ifpdf switch
)
("C:\Program Files\MiKTeX 2.9\tex\generic\oberdiek\ifvtex.sty"
Package: ifvtex 2016/05/16 v1.6 Detect VTeX and its facilities (HO)
Package ifvtex Info: VTeX not detected.
)
("C:\Program Files\MiKTeX 2.9\tex\generic\ifxetex\ifxetex.sty"
Package: ifxetex 2010/09/12 v0.6 Provides ifxetex conditional
)
\Gm@cnth=\count87
\Gm@cntv=\count88
\c@Gm@tempcnt=\count89
\Gm@bindingoffset=\dimen103
\Gm@wd@mp=\dimen104
\Gm@odd@mp=\dimen105
\Gm@even@mp=\dimen106
\Gm@layoutwidth=\dimen107
\Gm@layoutheight=\dimen108
\Gm@layouthoffset=\dimen109
\Gm@layoutvoffset=\dimen110
\Gm@dimlist=\toks15

("C:\Program Files\MiKTeX 2.9\tex\latex\geometry\geometry.cfg"))
("C:\Program Files\MiKTeX 2.9\tex\latex\ltxmisc\parskip.sty"
Package: parskip 2001/04/09 non-zero parskip adjustments
)
("C:\Program Files\MiKTeX 2.9\tex\latex\graphics\graphicx.sty"
Package: graphicx 2014/10/28 v1.0g Enhanced LaTeX Graphics (DPC,SPQR)

("C:\Program Files\MiKTeX 2.9\tex\latex\graphics\graphics.sty"
Package: graphics 2016/10/09 v1.0u Standard LaTeX Graphics (DPC,SPQR)

("C:\Program Files\MiKTeX 2.9\tex\latex\graphics\trig.sty"
Package: trig 2016/01/03 v1.10 sin cos tan (DPC)
)
("C:\Program Files\MiKTeX 2.9\tex\latex\graphics-cfg\graphics.cfg"
File: graphics.cfg 2016/06/04 v1.11 sample graphics configuration
)
Package graphics Info: Driver file: pdftex.def on input line 99.

("C:\Program Files\MiKTeX 2.9\tex\latex\graphics-def\pdftex.def"
File: pdftex.def 2017/01/12 v0.06k Graphics/color for pdfTeX

("C:\Program Files\MiKTeX 2.9\tex\generic\oberdiek\infwarerr.sty"
Package: infwarerr 2016/05/16 v1.4 Providing info/warning/error messages (HO)
)
("C:\Program Files\MiKTeX 2.9\tex\generic\oberdiek\ltxcmds.sty"
Package: ltxcmds 2016/05/16 v1.23 LaTeX kernel commands for general use (HO)
)
\Gread@gobject=\count90
))
\Gin@req@height=\dimen111
\Gin@req@width=\dimen112
)
("C:\Program Files\MiKTeX 2.9\tex\latex\amsfonts\amssymb.sty"
Package: amssymb 2013/01/14 v3.01 AMS font symbols

("C:\Program Files\MiKTeX 2.9\tex\latex\amsfonts\amsfonts.sty"
Package: amsfonts 2013/01/14 v3.01 Basic AMSFonts support
\@emptytoks=\toks16
\symAMSa=\mathgroup4
\symAMSb=\mathgroup5
LaTeX Font Info:    Overwriting math alphabet `\mathfrak' in version `bold'
(Font)                  U/euf/m/n --> U/euf/b/n on input line 106.
))
("C:\Program Files\MiKTeX 2.9\tex\latex\etoolbox\etoolbox.sty"
Package: etoolbox 2018/02/11 v2.5e e-TeX tools for LaTeX (JAW)
\etb@tempcnta=\count91
)
("C:\Program Files\MiKTeX 2.9\tex\latex\lipsum\lipsum.sty"
Package: lipsum 2014/07/27 v1.3 150 paragraphs of Lorem Ipsum dummy text
\c@lips@count=\count92
)
("C:\Program Files\MiKTeX 2.9\tex\latex\caption\caption.sty"
Package: caption 2016/02/21 v3.3-144 Customizing captions (AR)

("C:\Program Files\MiKTeX 2.9\tex\latex\caption\caption3.sty"
Package: caption3 2016/05/22 v1.7-166 caption3 kernel (AR)
Package caption3 Info: TeX engine: e-TeX on input line 67.
\captionmargin=\dimen113
\captionmargin@=\dimen114
\captionwidth=\dimen115
\caption@tempdima=\dimen116
\caption@indent=\dimen117
\caption@parindent=\dimen118
\caption@hangindent=\dimen119
)
\c@ContinuedFloat=\count93
)
("C:\Program Files\MiKTeX 2.9\tex\latex\caption\subcaption.sty"
Package: subcaption 2016/05/22 v1.1-161 Sub-captions (AR)
\c@subfigure=\count94
\c@subtable=\count95
)
("C:\Program Files\MiKTeX 2.9\tex\latex\float\float.sty"
Package: float 2001/11/08 v1.3d Float enhancements (AL)
\c@float@type=\count96
\float@exts=\toks17
\float@box=\box26
\@float@everytoks=\toks18
\@floatcapt=\box27
)
("C:\Program Files\MiKTeX 2.9\tex\latex\nowidow\nowidow.sty"
Package: nowidow 2011/09/20 1.0 Easily prevent widows and orphans
Package: nowidow 

("C:\Program Files\MiKTeX 2.9\tex\latex\oberdiek\kvoptions.sty"
Package: kvoptions 2016/05/16 v3.12 Key value format for package options (HO)

("C:\Program Files\MiKTeX 2.9\tex\generic\oberdiek\kvsetkeys.sty"
Package: kvsetkeys 2016/05/16 v1.17 Key value parser (HO)

("C:\Program Files\MiKTeX 2.9\tex\generic\oberdiek\etexcmds.sty"
Package: etexcmds 2016/05/16 v1.6 Avoid name clashes with e-TeX commands (HO)

("C:\Program Files\MiKTeX 2.9\tex\generic\oberdiek\ifluatex.sty"
Package: ifluatex 2016/05/16 v1.4 Provides the ifluatex switch (HO)
Package ifluatex Info: LuaTeX not detected.
)
Package etexcmds Info: Could not find \expanded.
(etexcmds)             That can mean that you are not using pdfTeX 1.50 or
(etexcmds)             that some package has redefined \expanded.
(etexcmds)             In the latter case, load this package earlier.
))))
("C:\Program Files\MiKTeX 2.9\tex\latex\footmisc\footmisc.sty"
Package: footmisc 2011/06/06 v5.5b a miscellany of footnote facilities
\FN@temptoken=\toks19
\footnotemargin=\dimen120
\c@pp@next@reset=\count97
Package footmisc Info: Declaring symbol style bringhurst on input line 855.
Package footmisc Info: Declaring symbol style chicago on input line 863.
Package footmisc Info: Declaring symbol style wiley on input line 872.
Package footmisc Info: Declaring symbol style lamport-robust on input line 883.

Package footmisc Info: Declaring symbol style lamport* on input line 903.
Package footmisc Info: Declaring symbol style lamport*-robust on input line 924
.
)
("C:\Program Files\MiKTeX 2.9\tex\latex\slantsc\slantsc.sty"
Package: slantsc 2012/01/01 v2.11 Provide Slanted an Italic Small Caps

("C:\Program Files\MiKTeX 2.9\tex\latex\base\ifthen.sty"
Package: ifthen 2014/09/29 v1.1c Standard LaTeX ifthen package (DPC)
)
LaTeX Info: Redefining \upshape on input line 35.
LaTeX Info: Redefining \slshape on input line 45.
LaTeX Info: Redefining \itshape on input line 55.
LaTeX Info: Redefining \scshape on input line 65.
)
("C:\Program Files\MiKTeX 2.9\tex\latex\hanging\hanging.sty"
Package: hanging 2009/09/02 v1.2b hanging paragraphs and punctuation
\h@ngcommawd=\skip43
\h@ngfstopwd=\skip44
\h@ngquotewd=\skip45
\h@ngdquotewd=\skip46
\h@ngquerywd=\skip47
\h@ngexclwd=\skip48
\h@ngcolonwd=\skip49
\h@ngscolonwd=\skip50
)
(503FinalReport.aux

LaTeX Warning: Label `fig:sub1' multiply defined.


LaTeX Warning: Label `sub@fig:sub1' multiply defined.


LaTeX Warning: Label `fig:sub2' multiply defined.


LaTeX Warning: Label `sub@fig:sub2' multiply defined.


LaTeX Warning: Label `fig:test' multiply defined.

)
\openout1 = `503FinalReport.aux'.

LaTeX Font Info:    Checking defaults for OML/cmm/m/it on input line 35.
LaTeX Font Info:    ... okay on input line 35.
LaTeX Font Info:    Checking defaults for T1/cmr/m/n on input line 35.
LaTeX Font Info:    ... okay on input line 35.
LaTeX Font Info:    Checking defaults for OT1/cmr/m/n on input line 35.
LaTeX Font Info:    ... okay on input line 35.
LaTeX Font Info:    Checking defaults for OMS/cmsy/m/n on input line 35.
LaTeX Font Info:    ... okay on input line 35.
LaTeX Font Info:    Checking defaults for OMX/cmex/m/n on input line 35.
LaTeX Font Info:    ... okay on input line 35.
LaTeX Font Info:    Checking defaults for U/cmr/m/n on input line 35.
LaTeX Font Info:    ... okay on input line 35.

*geometry* driver: auto-detecting
*geometry* detected driver: pdftex
*geometry* verbose mode - [ preamble ] result:
* driver: pdftex
* paper: letterpaper
* layout: <same size as paper>
* layoutoffset:(h,v)=(0.0pt,0.0pt)
* modes: 
* h-part:(L,W,R)=(72.26999pt, 469.75502pt, 72.26999pt)
* v-part:(T,H,B)=(72.26999pt, 650.43001pt, 72.26999pt)
* \paperwidth=614.295pt
* \paperheight=794.96999pt
* \textwidth=469.75502pt
* \textheight=650.43001pt
* \oddsidemargin=0.0pt
* \evensidemargin=0.0pt
* \topmargin=-37.0pt
* \headheight=12.0pt
* \headsep=25.0pt
* \topskip=11.0pt
* \footskip=30.0pt
* \marginparwidth=59.0pt
* \marginparsep=10.0pt
* \columnsep=10.0pt
* \skip\footins=10.0pt plus 4.0pt minus 2.0pt
* \hoffset=0.0pt
* \voffset=0.0pt
* \mag=1000
* \@twocolumnfalse
* \@twosidefalse
* \@mparswitchfalse
* \@reversemarginfalse
* (1in=72.27pt=25.4mm, 1cm=28.453pt)

("C:\Program Files\MiKTeX 2.9\tex\context\base\supp-pdf.mkii"
[Loading MPS to PDF converter (version 2006.09.02).]
\scratchcounter=\count98
\scratchdimen=\dimen121
\scratchbox=\box28
\nofMPsegments=\count99
\nofMParguments=\count100
\everyMPshowfont=\toks20
\MPscratchCnt=\count101
\MPscratchDim=\dimen122
\MPnumerator=\count102
\makeMPintoPDFobject=\count103
\everyMPtoPDFconversion=\toks21
) ("C:\Program Files\MiKTeX 2.9\tex\generic\oberdiek\pdftexcmds.sty"
Package: pdftexcmds 2016/05/21 v0.22 Utility functions of pdfTeX for LuaTeX (HO
)
Package pdftexcmds Info: LuaTeX not detected.
Package pdftexcmds Info: \pdf@primitive is available.
Package pdftexcmds Info: \pdf@ifprimitive is available.
Package pdftexcmds Info: \pdfdraftmode found.
)
("C:\Program Files\MiKTeX 2.9\tex\latex\oberdiek\epstopdf-base.sty"
Package: epstopdf-base 2016/05/15 v2.6 Base part for package epstopdf

("C:\Program Files\MiKTeX 2.9\tex\latex\oberdiek\grfext.sty"
Package: grfext 2016/05/16 v1.2 Manage graphics extensions (HO)

("C:\Program Files\MiKTeX 2.9\tex\generic\oberdiek\kvdefinekeys.sty"
Package: kvdefinekeys 2016/05/16 v1.4 Define keys (HO)
))
Package epstopdf-base Info: Redefining graphics rule for `.eps' on input line 4
38.
Package grfext Info: Graphics extension search list:
(grfext)             [.png,.pdf,.jpg,.mps,.jpeg,.jbig2,.jb2,.PNG,.PDF,.JPG,.JPE
G,.JBIG2,.JB2,.eps]
(grfext)             \AppendGraphicsExtensions on input line 456.
)
Package caption Info: Begin \AtBeginDocument code.
Package caption Info: float package is loaded.
Package caption Info: End \AtBeginDocument code.
LaTeX Font Info:    Try loading font information for U+msa on input line 39.

("C:\Program Files\MiKTeX 2.9\tex\latex\amsfonts\umsa.fd"
File: umsa.fd 2013/01/14 v3.01 AMS symbols A
)
LaTeX Font Info:    Try loading font information for U+msb on input line 39.

("C:\Program Files\MiKTeX 2.9\tex\latex\amsfonts\umsb.fd"
File: umsb.fd 2013/01/14 v3.01 AMS symbols B
) [1

{C:/ProgramData/MiKTeX/2.9/pdftex/config/pdftex.map}]
Underfull \hbox (badness 10000) in paragraph at lines 42--43

 []

LaTeX Font Info:    Try loading font information for OMS+cmr on input line 52.
("C:\Program Files\MiKTeX 2.9\tex\latex\base\omscmr.fd"
File: omscmr.fd 2014/09/29 v2.5h Standard LaTeX font definitions
)
LaTeX Font Info:    Font shape `OMS/cmr/m/n' in size <10.95> not available
(Font)              Font shape `OMS/cmsy/m/n' tried instead on input line 52.

<heatmap.png, id=7, 803.25093pt x 760.34062pt>
File: heatmap.png Graphic file (type png)
 <use heatmap.png>
Package pdftex.def Info: heatmap.png used on input line 82.
(pdftex.def)             Requested size: 240.46236pt x 227.61667pt.
 [1]
<choropleth.png, id=13, 983.17313pt x 760.34062pt>
File: choropleth.png Graphic file (type png)
 <use choropleth.png>
Package pdftex.def Info: choropleth.png used on input line 88.
(pdftex.def)             Requested size: 294.32413pt x 227.61667pt.

Underfull \hbox (badness 10000) in paragraph at lines 93--94

 []

[2 <./heatmap.png (PNG copy)> <./choropleth.png>]
<WeightedNationalDayTrends.png, id=18, 2851.65375pt x 2378.8875pt>
File: WeightedNationalDayTrends.png Graphic file (type png)

<use WeightedNationalDayTrends.png>
Package pdftex.def Info: WeightedNationalDayTrends.png used on input line 101.
(pdftex.def)             Requested size: 211.38458pt x 176.33983pt.

<WeightedStatePlot.png, id=20, 2851.65375pt x 2378.8875pt>
File: WeightedStatePlot.png Graphic file (type png)

<use WeightedStatePlot.png>
Package pdftex.def Info: WeightedStatePlot.png used on input line 107.
(pdftex.def)             Requested size: 211.38458pt x 176.33983pt.

<StateClusterPlot_Hourly.png, id=21, 3613.5pt x 1388.18625pt>
File: StateClusterPlot_Hourly.png Graphic file (type png)

<use StateClusterPlot_Hourly.png>
Package pdftex.def Info: StateClusterPlot_Hourly.png used on input line 119.
(pdftex.def)             Requested size: 352.27348pt x 135.33173pt.
 [3 <./WeightedNationalDayTrends.png> <./WeightedStatePlot.png>]
Underfull \hbox (badness 10000) in paragraph at lines 148--149

 []

<ManufacturerRankingPlot.png, id=30, 4577.1pt x 2315.65125pt>
File: ManufacturerRankingPlot.png Graphic file (type png)

<use ManufacturerRankingPlot.png>
Package pdftex.def Info: ManufacturerRankingPlot.png used on input line 154.
(pdftex.def)             Requested size: 422.77664pt x 213.87637pt.

Underfull \hbox (badness 10000) in paragraph at lines 150--157

 []

[4 <./StateClusterPlot_Hourly.png>]
Underfull \hbox (badness 10000) in paragraph at lines 159--160

 []

<ManufacturerMDSPlot.png, id=36, 2806.485pt x 2523.4275pt>
File: ManufacturerMDSPlot.png Graphic file (type png)

<use ManufacturerMDSPlot.png>
Package pdftex.def Info: ManufacturerMDSPlot.png used on input line 165.
(pdftex.def)             Requested size: 234.8775pt x 211.15787pt.

<VehicleTypeMDSPlot.png, id=37, 2806.485pt x 2523.4275pt>
File: VehicleTypeMDSPlot.png Graphic file (type png)

<use VehicleTypeMDSPlot.png>
Package pdftex.def Info: VehicleTypeMDSPlot.png used on input line 171.
(pdftex.def)             Requested size: 234.8775pt x 211.15787pt.
 [5 <./ManufacturerRankingPlot.png>]
Underfull \hbox (badness 10000) in paragraph at lines 183--184

 []


Underfull \hbox (badness 10000) in paragraph at lines 185--186

 []

[6 <./ManufacturerMDSPlot.png> <./VehicleTypeMDSPlot.png>] [7]
Underfull \hbox (badness 10000) in paragraph at lines 255--256

 []

<ImportancePlot_SVM.png, id=52, 3703.8375pt x 1869.98625pt>
File: ImportancePlot_SVM.png Graphic file (type png)

<use ImportancePlot_SVM.png>
Package pdftex.def Info: ImportancePlot_SVM.png used on input line 259.
(pdftex.def)             Requested size: 426.75185pt x 215.45763pt.
 [8]
<ImportancePlot_ADABoost.png, id=56, 3703.8375pt x 1869.98625pt>
File: ImportancePlot_ADABoost.png Graphic file (type png)

<use ImportancePlot_ADABoost.png>
Package pdftex.def Info: ImportancePlot_ADABoost.png used on input line 265.
(pdftex.def)             Requested size: 426.75185pt x 215.45763pt.
 [9 <./ImportancePlot_SVM.png> <./ImportancePlot_ADABoost.png>] [10] [11]
<Environmental.png, id=71, 2878.755pt x 1583.9175pt>
File: Environmental.png Graphic file (type png)
 <use Environmental.png>
Package pdftex.def Info: Environmental.png used on input line 352.
(pdftex.def)             Requested size: 413.69702pt x 227.6199pt.

Underfull \hbox (badness 10000) in paragraph at lines 359--360

 []

[12 <./Environmental.png>] [13] (503FinalReport.aux)

LaTeX Warning: There were multiply-defined labels.

 ) 
Here is how much of TeX's memory you used:
 4316 strings out of 493333
 64585 string characters out of 3139192
 233856 words of memory out of 3000000
 7762 multiletter control sequences out of 15000+200000
 14540 words of font info for 55 fonts, out of 3000000 for 9000
 1141 hyphenation exceptions out of 8191
 37i,9n,39p,1444b,442s stack positions out of 5000i,500n,10000p,200000b,50000s
<C:/Program Files/MiKTeX 2.9/fonts/type1/public/amsfonts/cm/cmbx10.pfb><C:/Pr
ogram Files/MiKTeX 2.9/fonts/type1/public/amsfonts/cm/cmbx12.pfb><C:/Program Fi
les/MiKTeX 2.9/fonts/type1/public/amsfonts/cm/cmmi10.pfb><C:/Program Files/MiKT
eX 2.9/fonts/type1/public/amsfonts/cm/cmr10.pfb><C:/Program Files/MiKTeX 2.9/fo
nts/type1/public/amsfonts/cm/cmr12.pfb><C:/Program Files/MiKTeX 2.9/fonts/type1
/public/amsfonts/cm/cmr6.pfb><C:/Program Files/MiKTeX 2.9/fonts/type1/public/am
sfonts/cm/cmr8.pfb><C:/Program Files/MiKTeX 2.9/fonts/type1/public/amsfonts/cm/
cmr9.pfb><C:/Program Files/MiKTeX 2.9/fonts/type1/public/amsfonts/cm/cmsy10.pfb
><C:/Program Files/MiKTeX 2.9/fonts/type1/public/amsfonts/cm/cmsy8.pfb><C:/Prog
ram Files/MiKTeX 2.9/fonts/type1/public/amsfonts/cm/cmti10.pfb><C:/Program File
s/MiKTeX 2.9/fonts/type1/public/amsfonts/cm/cmti9.pfb>
Output written on 503FinalReport.pdf (14 pages, 3304767 bytes).
PDF statistics:
 118 PDF objects out of 1000 (max. 8388607)
 0 named destinations out of 1000 (max. 500000)
 56 words of extra memory for PDF output out of 10000 (max. 10000000)

